Test-Case: 1
ADDED = 514
Total, Max, Delta Energy: 5.3891796, 0.1084986, 0.1084986
time = 0.155259090999607
------------------------
Test-Case: 2
ADDED = 630
Total, Max, Delta Energy: 7.4336934, 0.1249794, 0.1249794
time = 0.2785988199975691
------------------------
Test-Case: 3
ADDED = 796
Total, Max, Delta Energy: 21.271593, 0.2179128, 0.2179128
time = 0.49745414199787774
------------------------
Test-Case: 4
ADDED = 937
Total, Max, Delta Energy: 24.9353454, 0.2270688, 0.2270688
time = 0.7556246150015795
------------------------
Test-Case: 5
ADDED = 1010
Total, Max, Delta Energy: 26.5147344, 0.3264114, 0.3264114
time = 1.0226880699992762
------------------------
Test-Case: 6
ADDED = 1028
Total, Max, Delta Energy: 45.1110072, 0.3740226, 0.3740226
time = 1.4236966089993075
------------------------
Test-Case: 7
ADDED = 1045
Total, Max, Delta Energy: 31.7944998, 0.2215752, 0.2215752
time = 1.6657492080012162
------------------------
Test-Case: 8
ADDED = 1002
Total, Max, Delta Energy: 62.7577818, 0.4916772, 0.4916772
time = 2.2083641569988686
------------------------
Test-Case: 9
ADDED = 964
Total, Max, Delta Energy: 38.4810846, 0.52647, 0.52647
time = 2.375087855998572
------------------------
Test-Case: 10
ADDED = 1019
Total, Max, Delta Energy: 49.30254, 0.5360838, 0.535836
time = 3.2474337310013652
------------------------
Test-Case: 11
ADDED = 1089
Total, Max, Delta Energy: 38.8266816, 0.5969712, 0.5967234
time = 3.3443655580013
------------------------
Test-Case: 12
ADDED = 3178
Total, Max, Delta Energy: 131.5100346, 0.5039496, 0.5039496
time = 5.139369543001521
------------------------
Test-Case: 13
ADDED = 2139
Total, Max, Delta Energy: 102.16710105, 0.51534, 0.51534
time = 3.6743632569996407
------------------------
Test-Case: 14
ADDED = 1902
Total, Max, Delta Energy: 58.6565952, 0.2983344, 0.2983344
time = 3.4853069730015704
------------------------
Test-Case: 15
ADDED = 1457
Total, Max, Delta Energy: 58.78285875, 0.5346075, 0.5346075
time = 3.426116611000907
------------------------
Test-Case: 16
ADDED = 958
Total, Max, Delta Energy: 49.9027368, 0.5200608, 0.5200608
time = 3.0059277229993313
------------------------
Test-Case: 17
ADDED = 901
Total, Max, Delta Energy: 27.7606161, 0.54169605, 0.5414346
time = 2.820105732000229
------------------------
Test-Case: 18
ADDED = 928
Total, Max, Delta Energy: 46.285344, 0.5597928, 0.5595156
time = 2.6931913049993454
------------------------