Test-Case: 1
ADDED = 19
Total, Max, Delta Energy: 0.0168, 0.0013, 0.0011
time = 0.000920631006010808
------------------------
Test-Case: 2
ADDED = 7
Total, Max, Delta Energy: 0.0122, 0.0025, 0.0023
time = 0.00025758900301298127
------------------------
Test-Case: 3
ADDED = 2
Total, Max, Delta Energy: 0.0063, 0.0021, 0.0019
time = 0.00014332299906527624
------------------------
Test-Case: 4
ADDED = 5
Total, Max, Delta Energy: 0.0057, 0.0013, 0.0011
time = 9.401200077263638e-05
------------------------
Test-Case: 5
ADDED = 7
Total, Max, Delta Energy: 0.0092, 0.0021, 0.0019
time = 0.00016651199985062703
------------------------
Test-Case: 6
ADDED = 9
Total, Max, Delta Energy: 0.0141, 0.0029, 0.0027
time = 0.00025717099924804643
------------------------
Test-Case: 7
ADDED = 3
Total, Max, Delta Energy: 0.0017, 0.0004, 0.0002
time = 5.860000237589702e-05
------------------------
Test-Case: 8
ADDED = 7
Total, Max, Delta Energy: 0.0067, 0.0011, 0.0008
time = 0.00017971199849853292
------------------------
Test-Case: 9
ADDED = 11
Total, Max, Delta Energy: 0.0164, 0.0021, 0.0019
time = 0.00030249999690568075
------------------------
Test-Case: 10
ADDED = 61
Total, Max, Delta Energy: 0.0437, 0.0021, 0.0019
time = 0.0011771729987231083
------------------------
Test-Case: 11
ADDED = 29
Total, Max, Delta Energy: 0.0244, 0.0025, 0.0023
time = 0.0007092789965099655
------------------------
Test-Case: 12
ADDED = 13
Total, Max, Delta Energy: 0.0122, 0.0013, 0.0011
time = 0.00023642599990125746
------------------------
Test-Case: 13
ADDED = 14
Total, Max, Delta Energy: 0.0116, 0.0013, 0.0011
time = 0.0001482110019423999
------------------------
Test-Case: 14
ADDED = 26
Total, Max, Delta Energy: 0.0235, 0.0017, 0.0015
time = 0.0003997940002591349
------------------------
Test-Case: 15
ADDED = 39
Total, Max, Delta Energy: 0.0393, 0.0038, 0.0036
time = 0.0007619419993716292
------------------------
Test-Case: 16
ADDED = 7
Total, Max, Delta Energy: 0.0038, 0.0008, 0.0006
time = 7.773700053803623e-05
------------------------
Test-Case: 17
ADDED = 28
Total, Max, Delta Energy: 0.0261, 0.0025, 0.0023
time = 0.0004009119948022999
------------------------
Test-Case: 18
ADDED = 33
Total, Max, Delta Energy: 0.0437, 0.0038, 0.0036
time = 0.0006408999979612418
------------------------